\BOOKMARK [0][-]{chapter.1}{\376\377\000I\000n\000t\000r\000o\000d\000u\000c\000t\000i\000o\000n}{}% 1
\BOOKMARK [1][-]{section.1.1}{\376\377\000R\000e\000q\000u\000i\000r\000e\000m\000e\000n\000t\000s}{chapter.1}% 2
\BOOKMARK [1][-]{section.1.2}{\376\377\000Q\000u\000i\000c\000k\000s\000t\000a\000r\000t}{chapter.1}% 3
\BOOKMARK [1][-]{section.1.3}{\376\377\000F\000e\000a\000t\000u\000r\000e\000s}{chapter.1}% 4
\BOOKMARK [0][-]{chapter.2}{\376\377\000C\000o\000n\000c\000e\000p\000t\000s}{}% 5
\BOOKMARK [1][-]{section.2.1}{\376\377\000S\000i\000g\000n\000e\000d\000\040\000d\000i\000s\000t\000a\000n\000c\000e\000\040\000f\000i\000e\000l\000d\000s}{chapter.2}% 6
\BOOKMARK [1][-]{section.2.2}{\376\377\000T\000r\000a\000n\000s\000f\000o\000r\000m\000a\000t\000i\000o\000n\000s}{chapter.2}% 7
\BOOKMARK [1][-]{section.2.3}{\376\377\000U\000n\000i\000o\000n\000s}{chapter.2}% 8
\BOOKMARK [1][-]{section.2.4}{\376\377\000D\000C\000E\000L\000\040\000m\000e\000s\000h\000\040\000s\000t\000r\000u\000c\000t\000u\000r\000e}{chapter.2}% 9
\BOOKMARK [2][-]{subsection.2.4.1}{\376\377\000B\000a\000s\000i\000c\000\040\000c\000o\000n\000c\000e\000p\000t}{section.2.4}% 10
\BOOKMARK [2][-]{subsection.2.4.2}{\376\377\000S\000i\000g\000n\000e\000d\000\040\000d\000i\000s\000t\000a\000n\000c\000e}{section.2.4}% 11
\BOOKMARK [2][-]{subsection.2.4.3}{\376\377\000N\000o\000r\000m\000a\000l\000\040\000v\000e\000c\000t\000o\000r\000s}{section.2.4}% 12
\BOOKMARK [1][-]{section.2.5}{\376\377\000B\000o\000u\000n\000d\000i\000n\000g\000\040\000v\000o\000l\000u\000m\000e\000\040\000h\000i\000e\000r\000a\000r\000c\000h\000i\000e\000s}{chapter.2}% 13
\BOOKMARK [2][-]{subsection.2.5.1}{\376\377\000B\000a\000s\000i\000c\000\040\000c\000o\000n\000c\000e\000p\000t}{section.2.5}% 14
\BOOKMARK [2][-]{subsection.2.5.2}{\376\377\000C\000o\000n\000s\000t\000r\000u\000c\000t\000i\000o\000n}{section.2.5}% 15
\BOOKMARK [2][-]{subsection.2.5.3}{\376\377\000S\000i\000g\000n\000e\000d\000\040\000d\000i\000s\000t\000a\000n\000c\000e\000\040\000f\000u\000n\000c\000t\000i\000o\000n}{section.2.5}% 16
\BOOKMARK [0][-]{chapter.3}{\376\377\000I\000m\000p\000l\000e\000m\000e\000n\000t\000a\000t\000i\000o\000n}{}% 17
\BOOKMARK [1][-]{section.3.1}{\376\377\000O\000v\000e\000r\000v\000i\000e\000w}{chapter.3}% 18
\BOOKMARK [1][-]{section.3.2}{\376\377\000V\000e\000c\000t\000o\000r\000\040\000t\000y\000p\000e\000s}{chapter.3}% 19
\BOOKMARK [1][-]{section.3.3}{\376\377\000B\000o\000u\000n\000d\000i\000n\000g\000\040\000v\000o\000l\000u\000m\000e\000\040\000h\000i\000e\000r\000a\000r\000c\000h\000y}{chapter.3}% 20
\BOOKMARK [2][-]{subsection.3.3.1}{\376\377\000T\000e\000m\000p\000l\000a\000t\000e\000\040\000c\000o\000n\000s\000t\000r\000a\000i\000n\000t\000s}{section.3.3}% 21
\BOOKMARK [2][-]{subsection.3.3.2}{\376\377\000B\000o\000u\000n\000d\000i\000n\000g\000\040\000v\000o\000l\000u\000m\000e\000s}{section.3.3}% 22
\BOOKMARK [2][-]{subsection.3.3.3}{\376\377\000C\000o\000n\000s\000t\000r\000u\000c\000t\000i\000o\000n}{section.3.3}% 23
\BOOKMARK [2][-]{subsection.3.3.4}{\376\377\000C\000o\000m\000p\000a\000c\000t\000\040\000f\000o\000r\000m}{section.3.3}% 24
\BOOKMARK [2][-]{subsection.3.3.5}{\376\377\000S\000i\000g\000n\000e\000d\000\040\000d\000i\000s\000t\000a\000n\000c\000e}{section.3.3}% 25
\BOOKMARK [1][-]{section.3.4}{\376\377\000D\000C\000E\000L}{chapter.3}% 26
\BOOKMARK [2][-]{subsection.3.4.1}{\376\377\000C\000l\000a\000s\000s\000e\000s}{section.3.4}% 27
\BOOKMARK [2][-]{subsection.3.4.2}{\376\377\000B\000V\000H\000\040\000i\000n\000t\000e\000g\000r\000a\000t\000i\000o\000n}{section.3.4}% 28
\BOOKMARK [2][-]{subsection.3.4.3}{\376\377\000C\000o\000d\000e\000\040\000e\000x\000a\000m\000p\000l\000e}{section.3.4}% 29
\BOOKMARK [1][-]{section.3.5}{\376\377\000S\000i\000g\000n\000e\000d\000\040\000d\000i\000s\000t\000a\000n\000c\000e\000\040\000f\000u\000n\000c\000t\000i\000o\000n}{chapter.3}% 30
\BOOKMARK [2][-]{subsection.3.5.1}{\376\377\000N\000o\000r\000m\000a\000l\000\040\000v\000e\000c\000t\000o\000r}{section.3.5}% 31
\BOOKMARK [2][-]{subsection.3.5.2}{\376\377\000T\000r\000a\000n\000s\000f\000o\000r\000m\000a\000t\000i\000o\000n\000s}{section.3.5}% 32
\BOOKMARK [2][-]{subsection.3.5.3}{\376\377\000R\000o\000u\000n\000d\000i\000n\000g}{section.3.5}% 33
\BOOKMARK [2][-]{subsection.3.5.4}{\376\377\000S\000c\000a\000l\000i\000n\000g}{section.3.5}% 34
\BOOKMARK [2][-]{subsection.3.5.5}{\376\377\000A\000n\000a\000l\000y\000t\000i\000c\000\040\000f\000u\000n\000c\000t\000i\000o\000n\000s}{section.3.5}% 35
\BOOKMARK [1][-]{section.3.6}{\376\377\000U\000n\000i\000o\000n\000s}{chapter.3}% 36
\BOOKMARK [2][-]{subsection.3.6.1}{\376\377\000S\000t\000a\000n\000d\000a\000r\000d\000\040\000u\000n\000i\000o\000n}{section.3.6}% 37
\BOOKMARK [2][-]{subsection.3.6.2}{\376\377\000B\000V\000H\000-\000e\000n\000a\000b\000l\000e\000d\000\040\000u\000n\000i\000o\000n}{section.3.6}% 38
\BOOKMARK [1][-]{section.3.7}{\376\377\000F\000i\000l\000e\000\040\000p\000a\000r\000s\000e\000r\000s}{chapter.3}% 39
\BOOKMARK [2][-]{subsection.3.7.1}{\376\377\000R\000e\000a\000d\000\040\000i\000n\000t\000o\000\040\000D\000C\000E\000L}{section.3.7}% 40
\BOOKMARK [0][-]{chapter.4}{\376\377\000G\000u\000i\000d\000e\000d\000\040\000e\000x\000a\000m\000p\000l\000e\000s}{}% 41
\BOOKMARK [1][-]{section.4.1}{\376\377\000O\000v\000e\000r\000v\000i\000e\000w}{chapter.4}% 42
\BOOKMARK [1][-]{section.4.2}{\376\377\000R\000e\000a\000d\000i\000n\000g\000\040\000m\000e\000s\000h\000\040\000f\000i\000l\000e\000s}{chapter.4}% 43
\BOOKMARK [2][-]{subsection.4.2.1}{\376\377\000R\000e\000a\000d\000i\000n\000g\000\040\000t\000h\000e\000\040\000s\000u\000r\000f\000a\000c\000e\000\040\000m\000e\000s\000h}{section.4.2}% 44
\BOOKMARK [2][-]{subsection.4.2.2}{\376\377\000C\000o\000n\000s\000t\000r\000u\000c\000t\000i\000n\000g\000\040\000t\000h\000e\000\040\000B\000V\000H}{section.4.2}% 45
\BOOKMARK [2][-]{subsection.4.2.3}{\376\377\000S\000u\000m\000m\000a\000r\000y}{section.4.2}% 46
\BOOKMARK [1][-]{section.4.3}{\376\377\000U\000n\000i\000o\000n\000s}{chapter.4}% 47
\BOOKMARK [2][-]{subsection.4.3.1}{\376\377\000C\000r\000e\000a\000t\000i\000n\000g\000\040\000t\000h\000e\000\040\000s\000p\000h\000e\000r\000e\000s}{section.4.3}% 48
\BOOKMARK [2][-]{subsection.4.3.2}{\376\377\000C\000r\000e\000a\000t\000i\000n\000g\000\040\000s\000t\000a\000n\000d\000a\000r\000d\000\040\000u\000n\000i\000o\000n}{section.4.3}% 49
\BOOKMARK [2][-]{subsection.4.3.3}{\376\377\000C\000r\000e\000a\000t\000i\000n\000g\000\040\000B\000V\000H\000-\000e\000n\000a\000b\000l\000e\000d\000\040\000u\000n\000i\000o\000n}{section.4.3}% 50
\BOOKMARK [2][-]{subsection.4.3.4}{\376\377\000T\000y\000p\000i\000c\000a\000l\000\040\000o\000u\000t\000p\000u\000t}{section.4.3}% 51
\BOOKMARK [1][-]{section.4.4}{\376\377\000I\000n\000t\000e\000g\000r\000a\000t\000i\000o\000n\000\040\000w\000i\000t\000h\000\040\000A\000M\000R\000e\000X}{chapter.4}% 52
\BOOKMARK [2][-]{subsection.4.4.1}{\376\377\000C\000o\000n\000s\000t\000r\000u\000c\000t\000i\000n\000g\000\040\000t\000h\000e\000\040\000B\000V\000H}{section.4.4}% 53
\BOOKMARK [2][-]{subsection.4.4.2}{\376\377\000E\000x\000p\000o\000s\000i\000n\000g\000\040\000s\000i\000g\000n\000e\000d\000\040\000d\000i\000s\000t\000a\000n\000c\000e\000\040\000f\000u\000n\000c\000t\000i\000o\000n\000s}{section.4.4}% 54
\BOOKMARK [1][-]{section.4.5}{\376\377\000I\000n\000t\000e\000g\000r\000a\000t\000i\000o\000n\000\040\000w\000i\000t\000h\000\040\000C\000h\000o\000m\000b\000o\0003}{chapter.4}% 55
\BOOKMARK [2][-]{subsection.4.5.1}{\376\377\000C\000o\000n\000s\000t\000r\000u\000c\000t\000i\000n\000g\000\040\000t\000h\000e\000\040\000B\000V\000H}{section.4.5}% 56
\BOOKMARK [2][-]{subsection.4.5.2}{\376\377\000E\000x\000p\000o\000s\000i\000n\000g\000\040\000s\000i\000g\000n\000e\000d\000\040\000d\000i\000s\000t\000a\000n\000c\000e\000\040\000f\000u\000n\000c\000t\000i\000o\000n\000s}{section.4.5}% 57
\BOOKMARK [0][-]{chapter.5}{\376\377\000R\000e\000f\000e\000r\000e\000n\000c\000e\000s}{}% 58
\BOOKMARK [1][-]{section.5.1}{\376\377\000R\000e\000f\000e\000r\000e\000n\000c\000e\000s}{chapter.5}% 59
\BOOKMARK [0][-]{chapter*.4}{\376\377\000B\000i\000b\000l\000i\000o\000g\000r\000a\000p\000h\000y}{}% 60
